<?xml version="1.0" encoding="UTF-8"?>
<testng-results ignored="0" total="1" passed="1" failed="0" skipped="0">
  <reporter-output>
  </reporter-output>
  <suite started-at="2026-03-31T12:10:58 IST" name="Surefire suite" finished-at="2026-03-31T12:11:11 IST" duration-ms="12297">
    <groups>
      <group name="cucumber">
        <method signature="AbstractTestNGCucumberTests.runScenario(io.cucumber.testng.PickleWrapper,io.cucumber.testng.FeatureWrapper)[pri:0, instance:com.training.runner.RunController@478db956]" name="runScenario" class="io.cucumber.testng.AbstractTestNGCucumberTests"/>
      </group> <!-- cucumber -->
    </groups>
    <test started-at="2026-03-31T12:10:58 IST" name="Surefire test" finished-at="2026-03-31T12:11:11 IST" duration-ms="12297">
      <class name="com.training.runner.RunController">
        <test-method is-config="true" signature="setUpClass(org.testng.ITestContext)[pri:0, instance:com.training.runner.RunController@478db956]" started-at="2026-03-31T12:10:58 IST" name="setUpClass" finished-at="2026-03-31T12:10:59 IST" duration-ms="577" status="PASS">
          <params>
            <param index="0">
              <value>
                <![CDATA[org.testng.TestRunner@4eba373c]]>
              </value>
            </param>
          </params>
          <reporter-output>
          </reporter-output>
        </test-method> <!-- setUpClass -->
        <test-method signature="runScenario(io.cucumber.testng.PickleWrapper,io.cucumber.testng.FeatureWrapper)[pri:0, instance:com.training.runner.RunController@478db956]" started-at="2026-03-31T12:10:59 IST" name="runScenario" description="Runs Cucumber Scenarios" data-provider="scenarios" finished-at="2026-03-31T12:11:10 IST" duration-ms="11597" status="PASS">
          <params>
            <param index="0">
              <value>
                <![CDATA["Successful login"]]>
              </value>
            </param>
            <param index="1">
              <value>
                <![CDATA["Login feature"]]>
              </value>
            </param>
          </params>
          <reporter-output>
          </reporter-output>
        </test-method> <!-- runScenario -->
        <test-method is-config="true" signature="tearDownClass()[pri:0, instance:com.training.runner.RunController@478db956]" started-at="2026-03-31T12:11:10 IST" name="tearDownClass" finished-at="2026-03-31T12:11:11 IST" duration-ms="69" status="PASS">
          <reporter-output>
          </reporter-output>
        </test-method> <!-- tearDownClass -->
      </class> <!-- com.training.runner.RunController -->
    </test> <!-- Surefire test -->
  </suite> <!-- Surefire suite -->
</testng-results>
