<?xml version="1.0" encoding="UTF-8"?>
<testsuite xmlns:xsi="http://www.w3.org/2001/XMLSchema-instance" xsi:noNamespaceSchemaLocation="https://maven.apache.org/surefire/maven-surefire-plugin/xsd/surefire-test-report.xsd" version="3.0.2" name="com.training.runner.RunController" time="47.426" tests="3" errors="0" skipped="0" failures="1">
  <properties>
[...]
</properties>
  <testcase name="runScenario[&quot;Login using Excel rows&quot;, &quot;Login feature with Excel data&quot;](1)" classname="com.training.runner.RunController" time="17.541">
    <system-out><![CDATA[
Scenario Outline: Login using Excel rows            # src/test/resources/features/login.feature:19
  âœ” Given user launches the application             # com.training.steps.LoginSteps.user_launches_the_application()
2026-04-01T06:40:17.670201100Z main ERROR Log4j API could not find a logging provider.
  âœ” When user logs in using excel row 1             # com.training.steps.LoginSteps.user_logs_in_using_excel_row(java.lang.Integer)
  âœ” Then user should see expected result from excel # com.training.steps.LoginSteps.user_should_see_expected_result_from_excel()
]]></system-out>
    <system-err><![CDATA[Apr 01, 2026 12:10:10 PM org.openqa.selenium.devtools.CdpVersionFinder findNearestMatch
WARNING: Unable to find an exact match for CDP version 146, returning the closest version; found: 145; Please update to a Selenium version that supports CDP version 146
]]></system-err>
  </testcase>
  <testcase name="runScenario[&quot;Login using Excel rows&quot;, &quot;Login feature with Excel data&quot;](2)" classname="com.training.runner.RunController" time="13.429">
    <failure message="no such element: Unable to locate element: {&quot;method&quot;:&quot;css selector&quot;,&quot;selector&quot;:&quot;#flash&quot;}&#10;  (Session info: MicrosoftEdge=146.0.3856.84)&#10;For documentation on this error, please visit: https://www.selenium.dev/documentation/webdriver/troubleshooting/errors#nosuchelementexception&#10;Build info: version: &apos;4.41.0&apos;, revision: &apos;9fc754f&apos;&#10;System info: os.name: &apos;Windows 11&apos;, os.arch: &apos;amd64&apos;, os.version: &apos;10.0&apos;, java.version: &apos;11.0.23&apos;&#10;Driver info: org.openqa.selenium.edge.EdgeDriver&#10;Command: [9c65b24589ca8664e54fe2ba6115dc93, findElement {using=id, value=flash}]&#10;Capabilities {acceptInsecureCerts: false, browserName: MicrosoftEdge, browserVersion: 146.0.3856.84, fedcm:accounts: true, goog:processID: 8924, ms:edgeOptions: {debuggerAddress: localhost:63390}, msedge: {msedgedriverVersion: 146.0.3856.84 (fe100ed2d0fb..., userDataDir: C:\Users\VARUN~1.BAN\AppDat...}, networkConnectionEnabled: false, pageLoadStrategy: normal, platformName: windows, proxy: Proxy(), se:cdp: ws://localhost:63390/devtoo..., se:cdpVersion: 146.0.3856.84, setWindowRect: true, strictFileInteractability: false, timeouts: {implicit: 0, pageLoad: 300000, script: 30000}, unhandledPromptBehavior: dismiss and notify, webauthn:extension:credBlob: true, webauthn:extension:largeBlob: true, webauthn:extension:minPinLength: true, webauthn:extension:prf: true, webauthn:virtualAuthenticators: true}&#10;Session ID: 9c65b24589ca8664e54fe2ba6115dc93" type="org.openqa.selenium.NoSuchElementException"><![CDATA[org.openqa.selenium.NoSuchElementException: 
no such element: Unable to locate element: {"method":"css selector","selector":"#flash"}
  (Session info: MicrosoftEdge=146.0.3856.84)
For documentation on this error, please visit: https://www.selenium.dev/documentation/webdriver/troubleshooting/errors#nosuchelementexception
Build info: version: '4.41.0', revision: '9fc754f'
System info: os.name: 'Windows 11', os.arch: 'amd64', os.version: '10.0', java.version: '11.0.23'
Driver info: org.openqa.selenium.edge.EdgeDriver
Command: [9c65b24589ca8664e54fe2ba6115dc93, findElement {using=id, value=flash}]
Capabilities {acceptInsecureCerts: false, browserName: MicrosoftEdge, browserVersion: 146.0.3856.84, fedcm:accounts: true, goog:processID: 8924, ms:edgeOptions: {debuggerAddress: localhost:63390}, msedge: {msedgedriverVersion: 146.0.3856.84 (fe100ed2d0fb..., userDataDir: C:\Users\VARUN~1.BAN\AppDat...}, networkConnectionEnabled: false, pageLoadStrategy: normal, platformName: windows, proxy: Proxy(), se:cdp: ws://localhost:63390/devtoo..., se:cdpVersion: 146.0.3856.84, setWindowRect: true, strictFileInteractability: false, timeouts: {implicit: 0, pageLoad: 300000, script: 30000}, unhandledPromptBehavior: dismiss and notify, webauthn:extension:credBlob: true, webauthn:extension:largeBlob: true, webauthn:extension:minPinLength: true, webauthn:extension:prf: true, webauthn:virtualAuthenticators: true}
Session ID: 9c65b24589ca8664e54fe2ba6115dc93
	at org.openqa.selenium.remote.ErrorCodec.decode(ErrorCodec.java:169)
	at org.openqa.selenium.remote.codec.w3c.W3CHttpResponseCodec.decode(W3CHttpResponseCodec.java:142)
	at org.openqa.selenium.remote.codec.w3c.W3CHttpResponseCodec.decode(W3CHttpResponseCodec.java:49)
	at org.openqa.selenium.remote.HttpCommandExecutor.execute(HttpCommandExecutor.java:223)
	at org.openqa.selenium.remote.service.DriverCommandExecutor.invokeExecute(DriverCommandExecutor.java:216)
	at org.openqa.selenium.remote.service.DriverCommandExecutor.execute(DriverCommandExecutor.java:174)
	at org.openqa.selenium.remote.RemoteWebDriver.execute(RemoteWebDriver.java:604)
	at org.openqa.selenium.remote.ElementLocation$ElementFinder$2.findElement(ElementLocation.java:166)
	at org.openqa.selenium.remote.ElementLocation.findElement(ElementLocation.java:60)
	at org.openqa.selenium.remote.RemoteWebDriver.findElement(RemoteWebDriver.java:427)
	at org.openqa.selenium.remote.RemoteWebDriver.findElement(RemoteWebDriver.java:421)
	at com.training.steps.LoginSteps.user_should_see_expected_result_from_excel(LoginSteps.java:64)
	at ✽.user should see expected result from excel(file:///C:/Users/varun.bantia/eclipse-workspace/BBD-POM_FRAMEWORK/src/test/resources/features/login.feature:11)
]]></failure>
    <system-out><![CDATA[
Scenario Outline: Login using Excel rows            # src/test/resources/features/login.feature:21
  âœ” Given user launches the application             # com.training.steps.LoginSteps.user_launches_the_application()
  âœ” When user logs in using excel row 2             # com.training.steps.LoginSteps.user_logs_in_using_excel_row(java.lang.Integer)
  âœ˜ Then user should see expected result from excel # com.training.steps.LoginSteps.user_should_see_expected_result_from_excel()
        org.openqa.selenium.NoSuchElementException: no such element: Unable to locate element: {"method":"css selector","selector":"#flash"}
          (Session info: MicrosoftEdge=146.0.3856.84)
        For documentation on this error, please visit: https://www.selenium.dev/documentation/webdriver/troubleshooting/errors#nosuchelementexception
        Build info: version: '4.41.0', revision: '9fc754f'
        System info: os.name: 'Windows 11', os.arch: 'amd64', os.version: '10.0', java.version: '11.0.23'
        Driver info: org.openqa.selenium.edge.EdgeDriver
        Command: [9c65b24589ca8664e54fe2ba6115dc93, findElement {using=id, value=flash}]
        Capabilities {acceptInsecureCerts: false, browserName: MicrosoftEdge, browserVersion: 146.0.3856.84, fedcm:accounts: true, goog:processID: 8924, ms:edgeOptions: {debuggerAddress: localhost:63390}, msedge: {msedgedriverVersion: 146.0.3856.84 (fe100ed2d0fb..., userDataDir: C:\Users\VARUN~1.BAN\AppDat...}, networkConnectionEnabled: false, pageLoadStrategy: normal, platformName: windows, proxy: Proxy(), se:cdp: ws://localhost:63390/devtoo..., se:cdpVersion: 146.0.3856.84, setWindowRect: true, strictFileInteractability: false, timeouts: {implicit: 0, pageLoad: 300000, script: 30000}, unhandledPromptBehavior: dismiss and notify, webauthn:extension:credBlob: true, webauthn:extension:largeBlob: true, webauthn:extension:minPinLength: true, webauthn:extension:prf: true, webauthn:virtualAuthenticators: true}
        Session ID: 9c65b24589ca8664e54fe2ba6115dc93
        	at org.openqa.selenium.remote.ErrorCodec.decode(ErrorCodec.java:169)
        	at org.openqa.selenium.remote.codec.w3c.W3CHttpResponseCodec.decode(W3CHttpResponseCodec.java:142)
        	at org.openqa.selenium.remote.codec.w3c.W3CHttpResponseCodec.decode(W3CHttpResponseCodec.java:49)
        	at org.openqa.selenium.remote.HttpCommandExecutor.execute(HttpCommandExecutor.java:223)
        	at org.openqa.selenium.remote.service.DriverCommandExecutor.invokeExecute(DriverCommandExecutor.java:216)
        	at org.openqa.selenium.remote.service.DriverCommandExecutor.execute(DriverCommandExecutor.java:174)
        	at org.openqa.selenium.remote.RemoteWebDriver.execute(RemoteWebDriver.java:604)
        	at org.openqa.selenium.remote.ElementLocation$ElementFinder$2.findElement(ElementLocation.java:166)
        	at org.openqa.selenium.remote.ElementLocation.findElement(ElementLocation.java:60)
        	at org.openqa.selenium.remote.RemoteWebDriver.findElement(RemoteWebDriver.java:427)
        	at org.openqa.selenium.remote.RemoteWebDriver.findElement(RemoteWebDriver.java:421)
        	at com.training.steps.LoginSteps.user_should_see_expected_result_from_excel(LoginSteps.java:64)
        	at âœ½.user should see expected result from excel(file:///C:/Users/varun.bantia/eclipse-workspace/BBD-POM_FRAMEWORK/src/test/resources/features/login.feature:11)
]]></system-out>
    <system-err><![CDATA[Apr 01, 2026 12:10:25 PM org.openqa.selenium.devtools.CdpVersionFinder findNearestMatch
WARNING: Unable to find an exact match for CDP version 146, returning the closest version; found: 145; Please update to a Selenium version that supports CDP version 146
]]></system-err>
  </testcase>
  <testcase name="runScenario[&quot;Login using Excel rows&quot;, &quot;Login feature with Excel data&quot;](3)" classname="com.training.runner.RunController" time="14.422">
    <system-out><![CDATA[
Scenario Outline: Login using Excel rows            # src/test/resources/features/login.feature:23
  âœ” Given user launches the application             # com.training.steps.LoginSteps.user_launches_the_application()
  âœ” When user logs in using excel row 3             # com.training.steps.LoginSteps.user_logs_in_using_excel_row(java.lang.Integer)
  âœ” Then user should see expected result from excel # com.training.steps.LoginSteps.user_should_see_expected_result_from_excel()
]]></system-out>
    <system-err><![CDATA[Apr 01, 2026 12:10:39 PM org.openqa.selenium.devtools.CdpVersionFinder findNearestMatch
WARNING: Unable to find an exact match for CDP version 146, returning the closest version; found: 145; Please update to a Selenium version that supports CDP version 146
]]></system-err>
  </testcase>
</testsuite>