<?xml version="1.0" encoding="UTF-8"?>
<testng-results ignored="0" total="3" passed="3" failed="0" skipped="0">
  <reporter-output>
  </reporter-output>
  <suite started-at="2026-04-01T12:21:09 IST" name="Default suite" finished-at="2026-04-01T12:21:58 IST" duration-ms="48923">
    <groups>
      <group name="cucumber">
        <method signature="AbstractTestNGCucumberTests.runScenario(io.cucumber.testng.PickleWrapper,io.cucumber.testng.FeatureWrapper)[pri:0, instance:com.training.runner.RunController@36a5cabc]" name="runScenario" class="io.cucumber.testng.AbstractTestNGCucumberTests"/>
      </group> <!-- cucumber -->
    </groups>
    <test started-at="2026-04-01T12:21:09 IST" name="Default test" finished-at="2026-04-01T12:21:58 IST" duration-ms="48923">
      <class name="com.training.runner.RunController">
        <test-method is-config="true" signature="setUpClass(org.testng.ITestContext)[pri:0, instance:com.training.runner.RunController@36a5cabc]" started-at="2026-04-01T12:21:09 IST" name="setUpClass" finished-at="2026-04-01T12:21:10 IST" duration-ms="574" status="PASS">
          <params>
            <param index="0">
              <value>
                <![CDATA[org.testng.TestRunner@4af12a63]]>
              </value>
            </param>
          </params>
          <reporter-output>
          </reporter-output>
        </test-method> <!-- setUpClass -->
        <test-method signature="runScenario(io.cucumber.testng.PickleWrapper,io.cucumber.testng.FeatureWrapper)[pri:0, instance:com.training.runner.RunController@36a5cabc]" started-at="2026-04-01T12:21:10 IST" name="runScenario" description="Runs Cucumber Scenarios" data-provider="scenarios" finished-at="2026-04-01T12:21:26 IST" duration-ms="15815" status="PASS">
          <params>
            <param index="0">
              <value>
                <![CDATA["Login using Excel rows"]]>
              </value>
            </param>
            <param index="1">
              <value>
                <![CDATA["Login feature with Excel data"]]>
              </value>
            </param>
          </params>
          <reporter-output>
          </reporter-output>
        </test-method> <!-- runScenario -->
        <test-method signature="runScenario(io.cucumber.testng.PickleWrapper,io.cucumber.testng.FeatureWrapper)[pri:0, instance:com.training.runner.RunController@36a5cabc]" started-at="2026-04-01T12:21:26 IST" name="runScenario" description="Runs Cucumber Scenarios" data-provider="scenarios" finished-at="2026-04-01T12:21:42 IST" duration-ms="16901" status="PASS">
          <params>
            <param index="0">
              <value>
                <![CDATA["Login using Excel rows"]]>
              </value>
            </param>
            <param index="1">
              <value>
                <![CDATA["Login feature with Excel data"]]>
              </value>
            </param>
          </params>
          <reporter-output>
          </reporter-output>
        </test-method> <!-- runScenario -->
        <test-method signature="runScenario(io.cucumber.testng.PickleWrapper,io.cucumber.testng.FeatureWrapper)[pri:0, instance:com.training.runner.RunController@36a5cabc]" started-at="2026-04-01T12:21:42 IST" name="runScenario" description="Runs Cucumber Scenarios" data-provider="scenarios" finished-at="2026-04-01T12:21:58 IST" duration-ms="15256" status="PASS">
          <params>
            <param index="0">
              <value>
                <![CDATA["Login using Excel rows"]]>
              </value>
            </param>
            <param index="1">
              <value>
                <![CDATA["Login feature with Excel data"]]>
              </value>
            </param>
          </params>
          <reporter-output>
          </reporter-output>
        </test-method> <!-- runScenario -->
        <test-method is-config="true" signature="tearDownClass()[pri:0, instance:com.training.runner.RunController@36a5cabc]" started-at="2026-04-01T12:21:58 IST" name="tearDownClass" finished-at="2026-04-01T12:21:58 IST" duration-ms="330" status="PASS">
          <reporter-output>
          </reporter-output>
        </test-method> <!-- tearDownClass -->
      </class> <!-- com.training.runner.RunController -->
    </test> <!-- Default test -->
  </suite> <!-- Default suite -->
</testng-results>
