<?xml version="1.0" encoding="UTF-8"?>
<!-- Generated by org.testng.reporters.JUnitReportReporter -->
<testsuite hostname="WKSBAN36ARYTR14" failures="0" tests="3" name="com.training.runner.RunController" time="47.972" errors="0" timestamp="2026-04-01T12:21:58 IST" skipped="0">
  <testcase classname="com.training.runner.RunController" name="runScenario" time="16.901"/>
  <testcase classname="com.training.runner.RunController" name="runScenario" time="15.815"/>
  <testcase classname="com.training.runner.RunController" name="runScenario" time="15.256"/>
</testsuite> <!-- com.training.runner.RunController -->
